<?xml version="1.0" encoding="UTF-8"?>
<!-- Generated by org.testng.reporters.JUnitReportReporter -->
<testsuite hostname="LAPTOP-B0L2K8D2" failures="0" tests="1" name="AppiumTutorials.B01_WifiSettingTest" time="7.677" errors="0" timestamp="2024-11-15T19:31:37 IST" skipped="0">
  <testcase classname="AppiumTutorials.B01_WifiSettingTest" name="wifiSetting" time="7.677"/>
</testsuite> <!-- AppiumTutorials.B01_WifiSettingTest -->
