<?xml version="1.0" encoding="UTF-8"?>
<!-- Generated by org.testng.reporters.JUnitReportReporter -->
<testsuite hostname="LAPTOP-B0L2K8D2" failures="0" tests="1" name="AppiumBasics.Basic_01" time="12.820" errors="0" timestamp="2024-11-15T12:13:07 IST" skipped="0">
  <testcase classname="AppiumBasics.Basic_01" name="appiumTest" time="12.820"/>
</testsuite> <!-- AppiumBasics.Basic_01 -->
