<?xml version="1.0" encoding="UTF-8"?>
<!-- Generated by org.testng.reporters.JUnitReportReporter -->
<testsuite hostname="LAPTOP-B0L2K8D2" failures="0" tests="1" name="AppiumTutorials.D03_PackageActivityName" time="2.481" errors="0" timestamp="2024-11-17T20:05:41 IST" skipped="0">
  <testcase classname="AppiumTutorials.D03_PackageActivityName" name="packageActivityName" time="2.481"/>
</testsuite> <!-- AppiumTutorials.D03_PackageActivityName -->
