<?xml version="1.0" encoding="UTF-8"?>
<!-- Generated by org.testng.reporters.JUnitReportReporter -->
<testsuite hostname="LAPTOP-B0L2K8D2" failures="0" tests="1" name="AppiumTutorials.D02_MiscellenousEvents" time="12.269" errors="0" timestamp="2024-11-17T19:42:20 IST" skipped="0">
  <testcase classname="AppiumTutorials.D02_MiscellenousEvents" name="Miscellanous" time="12.269"/>
</testsuite> <!-- AppiumTutorials.D02_MiscellenousEvents -->
