<?xml version="1.0" encoding="UTF-8"?>
<!-- Generated by org.testng.reporters.JUnitReportReporter -->
<testsuite hostname="LAPTOP-B0L2K8D2" failures="0" tests="1" name="AppiumBasics.A03_AppiumInspector_LocatingElements" time="19.399" errors="0" timestamp="2024-11-15T17:59:20 IST" skipped="0">
  <testcase classname="AppiumBasics.A03_AppiumInspector_LocatingElements" name="startSeverTest" time="19.399"/>
</testsuite> <!-- AppiumBasics.A03_AppiumInspector_LocatingElements -->
