<?xml version="1.0" encoding="UTF-8"?>
<!-- Generated by org.testng.reporters.JUnitReportReporter -->
<testsuite hostname="LAPTOP-B0L2K8D2" failures="0" tests="1" name="AppiumTutorials.SeleniumCalendarHandling" time="5.059" errors="0" timestamp="2024-12-01T21:34:33 IST" skipped="0">
  <testcase classname="AppiumTutorials.SeleniumCalendarHandling" name="calendarSelectiion" time="5.059"/>
</testsuite> <!-- AppiumTutorials.SeleniumCalendarHandling -->
