<?xml version="1.0" encoding="UTF-8"?>
<!-- Generated by org.testng.reporters.JUnitReportReporter -->
<testsuite hostname="LAPTOP-B0L2K8D2" failures="0" tests="1" name="AppiumTutorials.E03_TC03_AddToCart_ValidateCart" time="18.324" errors="0" timestamp="2024-11-20T12:36:34 IST" skipped="0">
  <testcase classname="AppiumTutorials.E03_TC03_AddToCart_ValidateCart" name="addToCartTest" time="18.324"/>
</testsuite> <!-- AppiumTutorials.E03_TC03_AddToCart_ValidateCart -->
