<?xml version="1.0" encoding="UTF-8"?>
<!-- Generated by org.testng.reporters.JUnitReportReporter -->
<testsuite hostname="LAPTOP-B0L2K8D2" failures="0" tests="1" name="AppiumTutorials.C01_LongPressGesture" time="10.734" errors="0" timestamp="2024-11-15T20:47:59 IST" skipped="0">
  <testcase classname="AppiumTutorials.C01_LongPressGesture" name="longPressGesture" time="10.734"/>
</testsuite> <!-- AppiumTutorials.C01_LongPressGesture -->
