<?xml version="1.0" encoding="UTF-8"?>
<!-- Generated by org.testng.reporters.JUnitReportReporter -->
<testsuite hostname="LAPTOP-B0L2K8D2" failures="0" tests="1" name="AppiumBasics.A02_StartAppiumServer_WithCode" time="13.909" errors="0" timestamp="2024-11-15T13:05:50 IST" skipped="0">
  <testcase classname="AppiumBasics.A02_StartAppiumServer_WithCode" name="startSeverTest" time="13.909"/>
</testsuite> <!-- AppiumBasics.A02_StartAppiumServer_WithCode -->
