<?xml version="1.0" encoding="UTF-8"?>
<!-- Generated by org.testng.reporters.JUnitReportReporter -->
<testsuite hostname="LAPTOP-B0L2K8D2" failures="0" tests="1" name="AppiumTutorials.F01_WebView_HybridApp" time="36.329" errors="0" timestamp="2024-11-20T19:40:37 IST" skipped="0">
  <testcase classname="AppiumTutorials.F01_WebView_HybridApp" name="webViewtest" time="36.329"/>
</testsuite> <!-- AppiumTutorials.F01_WebView_HybridApp -->
