<?xml version="1.0" encoding="UTF-8"?>
<!-- Generated by org.testng.reporters.JUnitReportReporter -->
<testsuite hostname="LAPTOP-B0L2K8D2" failures="0" tests="1" name="testRunner.EcommerceTest_End2End" time="21.638" errors="0" timestamp="2024-11-30T20:38:47 IST" skipped="0">
  <testcase classname="testRunner.EcommerceTest_End2End" name="formFilltest" time="21.638"/>
</testsuite> <!-- testRunner.EcommerceTest_End2End -->
