<?xml version="1.0" encoding="UTF-8"?>
<!-- Generated by org.testng.reporters.JUnitReportReporter -->
<testsuite hostname="LAPTOP-B0L2K8D2" failures="0" tests="1" name="AppiumTutorials.E01_TS01_StoreFormFilling" time="29.326" errors="0" timestamp="2024-11-20T11:45:45 IST" skipped="0">
  <testcase classname="AppiumTutorials.E01_TS01_StoreFormFilling" name="formFilling" time="29.326"/>
</testsuite> <!-- AppiumTutorials.E01_TS01_StoreFormFilling -->
