<?xml version="1.0" encoding="UTF-8"?>
<!-- Generated by org.testng.reporters.JUnitReportReporter -->
<testsuite hostname="LAPTOP-B0L2K8D2" failures="0" tests="1" name="AppiumTutorials.C02_GestureScrolling" time="12.359" errors="0" timestamp="2024-11-15T21:17:27 IST" skipped="0">
  <testcase classname="AppiumTutorials.C02_GestureScrolling" name="scrollingGesture" time="12.359"/>
</testsuite> <!-- AppiumTutorials.C02_GestureScrolling -->
