<?xml version="1.0" encoding="UTF-8"?>
<!-- Generated by org.testng.reporters.JUnitReportReporter -->
<testsuite hostname="LAPTOP-B0L2K8D2" failures="0" tests="1" name="AppiumTutorials.E04_TC04_VerifyCartTotal" time="25.694" errors="0" timestamp="2024-11-23T18:17:44 IST" skipped="0">
  <testcase classname="AppiumTutorials.E04_TC04_VerifyCartTotal" name="addToCartTest" time="25.694"/>
</testsuite> <!-- AppiumTutorials.E04_TC04_VerifyCartTotal -->
