<?xml version="1.0" encoding="UTF-8"?>
<!-- Generated by org.testng.reporters.JUnitReportReporter -->
<testsuite hostname="LAPTOP-B0L2K8D2" failures="0" tests="1" name="AppiumTutorials.E02_TS03_AddToCart" time="19.329" errors="0" timestamp="2024-11-20T12:14:25 IST" skipped="0">
  <testcase classname="AppiumTutorials.E02_TS03_AddToCart" name="addToCartTest" time="19.329"/>
</testsuite> <!-- AppiumTutorials.E02_TS03_AddToCart -->
