<?xml version="1.0" encoding="UTF-8"?>
<!-- Generated by org.testng.reporters.JUnitReportReporter -->
<testsuite hostname="LAPTOP-B0L2K8D2" failures="0" tests="1" name="AppiumTutorials.E02_TS02_ToastMesage" time="31.198" errors="0" timestamp="2024-11-20T11:04:59 IST" skipped="0">
  <testcase classname="AppiumTutorials.E02_TS02_ToastMesage" name="toastMessgaeTest" time="31.198"/>
</testsuite> <!-- AppiumTutorials.E02_TS02_ToastMesage -->
