<?xml version="1.0" encoding="UTF-8"?>
<!-- Generated by org.testng.reporters.JUnitReportReporter -->
<testsuite hostname="LAPTOP-B0L2K8D2" failures="0" tests="1" name="AppiumTutorials.D01_DragDropGesture" time="8.991" errors="0" timestamp="2024-11-17T19:11:07 IST" skipped="0">
  <testcase classname="AppiumTutorials.D01_DragDropGesture" name="dragAndDropGesture" time="8.991"/>
</testsuite> <!-- AppiumTutorials.D01_DragDropGesture -->
