<?xml version="1.0" encoding="UTF-8"?>
<!-- Generated by org.testng.reporters.JUnitReportReporter -->
<testsuite hostname="LAPTOP-B0L2K8D2" failures="0" tests="1" name="com.qa.TestLayer.AddToCartDataDrivenWithStream" time="26.966" errors="0" timestamp="2024-12-07T20:58:12 IST" skipped="0">
  <testcase classname="com.qa.TestLayer.AddToCartDataDrivenWithStream" name="addToCartTest_DataProvider" time="26.966"/>
</testsuite> <!-- com.qa.TestLayer.AddToCartDataDrivenWithStream -->
