<?xml version="1.0" encoding="UTF-8"?>
<!-- Generated by org.testng.reporters.JUnitReportReporter -->
<testsuite hostname="LAPTOP-R460F5QO" failures="0" tests="2" name="com.qa.test.layer.FormFillingTest" time="22.824" errors="0" timestamp="2024-12-29T19:27:45 IST" skipped="0">
  <testcase classname="com.qa.test.layer.FormFillingTest" name="fillFormTest_NegativeTest" time="14.696"/>
  <testcase classname="com.qa.test.layer.FormFillingTest" name="fillForm_PositiveTest" time="8.128"/>
</testsuite> <!-- com.qa.test.layer.FormFillingTest -->
