<?xml version="1.0" encoding="UTF-8"?>
<!-- Generated by org.testng.reporters.JUnitReportReporter -->
<testsuite hostname="LAPTOP-B0L2K8D2" failures="0" tests="1" name="com.qa.TestLayer.CartPageTest" time="19.034" errors="0" timestamp="2024-12-01T19:42:30 IST" skipped="0">
  <testcase classname="com.qa.TestLayer.CartPageTest" name="verifyCartTotalTest" time="19.034"/>
</testsuite> <!-- com.qa.TestLayer.CartPageTest -->
