<?xml version="1.0" encoding="UTF-8"?>
<!-- Generated by org.testng.reporters.JUnitReportReporter -->
<testsuite hostname="LAPTOP-B0L2K8D2" failures="0" tests="2" name="com.qa.TestLayer.AddToCartUsingStream" time="21.888" errors="0" timestamp="2024-12-07T20:49:15 IST" skipped="1">
  <testcase classname="com.qa.TestLayer.AddToCartUsingStream" name="addToCartTest_DataProvider" time="21.888"/>
  <testcase classname="com.qa.TestLayer.AddToCartUsingStream" name="addToCartTest">
    <skipped/>
  </testcase> <!-- addToCartTest -->
</testsuite> <!-- com.qa.TestLayer.AddToCartUsingStream -->
