<?xml version="1.0" encoding="UTF-8"?>
<!-- Generated by org.testng.reporters.JUnitReportReporter -->
<testsuite hostname="LAPTOP-B0L2K8D2" failures="0" tests="2" name="com.qa.TestLayer.FormFillingTest" time="12.420" errors="0" timestamp="2024-12-03T20:45:48 IST" skipped="0">
  <testcase classname="com.qa.TestLayer.FormFillingTest" name="fillFormTest_NegativeTest" time="7.605"/>
  <testcase classname="com.qa.TestLayer.FormFillingTest" name="fillForm_PositiveTest" time="4.815"/>
</testsuite> <!-- com.qa.TestLayer.FormFillingTest -->
