<?xml version="1.0" encoding="UTF-8"?>
<!-- Generated by org.testng.reporters.JUnitReportReporter -->
<testsuite hostname="LAPTOP-B0L2K8D2" failures="0" tests="1" name="com.qa.TestLayer.FormFillingTest" time="9.746" errors="0" timestamp="2024-12-01T13:59:44 IST" skipped="0">
  <testcase classname="com.qa.TestLayer.FormFillingTest" name="fillFormTest" time="9.746"/>
</testsuite> <!-- com.qa.TestLayer.FormFillingTest -->
