<?xml version="1.0" encoding="UTF-8"?>
<!-- Generated by org.testng.reporters.JUnitReportReporter -->
<testsuite hostname="LAPTOP-B0L2K8D2" failures="0" tests="2" name="com.qa.test.layer.FormFillingTest" time="17.087" errors="0" timestamp="2024-12-14T19:50:47 IST" skipped="0">
  <testcase classname="com.qa.test.layer.FormFillingTest" name="fillFormTest_NegativeTest" time="10.424"/>
  <testcase classname="com.qa.test.layer.FormFillingTest" name="fillForm_PositiveTest" time="6.663"/>
</testsuite> <!-- com.qa.test.layer.FormFillingTest -->
