<?xml version="1.0" encoding="UTF-8"?>
<!-- Generated by org.testng.reporters.JUnitReportReporter -->
<testsuite hostname="LAPTOP-B0L2K8D2" failures="0" tests="1" name="com.qa.test.layer.AddToCart" time="19.683" errors="0" timestamp="2024-12-14T21:27:11 IST" skipped="0">
  <testcase classname="com.qa.test.layer.AddToCart" name="addToCartTest" time="19.683"/>
</testsuite> <!-- com.qa.test.layer.AddToCart -->
