<?xml version="1.0" encoding="UTF-8"?>
<!-- Generated by org.testng.reporters.JUnitReportReporter -->
<testsuite hostname="LAPTOP-B0L2K8D2" failures="0" tests="1" name="TestLayer.FormFillingTest" time="9.578" errors="0" timestamp="2024-12-01T13:48:20 IST" skipped="0">
  <testcase classname="TestLayer.FormFillingTest" name="fillFormTest" time="9.578"/>
</testsuite> <!-- TestLayer.FormFillingTest -->
