<?xml version="1.0" encoding="UTF-8"?>
<!-- Generated by org.testng.reporters.JUnitReportReporter -->
<testsuite hostname="LAPTOP-B0L2K8D2" failures="0" tests="2" name="com.qa.test.layer.FormFillingTest" time="15.998" errors="0" timestamp="2024-12-14T19:08:40 IST" skipped="0">
  <testcase classname="com.qa.test.layer.FormFillingTest" name="fillFormTest_NegativeTest" time="10.560"/>
  <testcase classname="com.qa.test.layer.FormFillingTest" name="fillForm_PositiveTest" time="5.438"/>
</testsuite> <!-- com.qa.test.layer.FormFillingTest -->
