<?xml version="1.0" encoding="UTF-8"?>
<!-- Generated by org.testng.reporters.JUnitReportReporter -->
<testsuite hostname="LAPTOP-B0L2K8D2" failures="0" tests="2" name="com.qa.TestLayer.FormFillingTest" time="12.597" errors="0" timestamp="2024-12-03T21:05:59 IST" skipped="0">
  <testcase classname="com.qa.TestLayer.FormFillingTest" name="fillFormTest_NegativeTest" time="7.748"/>
  <testcase classname="com.qa.TestLayer.FormFillingTest" name="fillForm_PositiveTest" time="4.849"/>
</testsuite> <!-- com.qa.TestLayer.FormFillingTest -->
