<?xml version="1.0" encoding="UTF-8"?>
<!-- Generated by org.testng.reporters.JUnitReportReporter -->
<testsuite hostname="LAPTOP-B0L2K8D2" failures="0" tests="1" name="com.qa.TestLayer.AddToCartTest" time="19.144" errors="0" timestamp="2024-12-01T19:11:12 IST" skipped="0">
  <testcase classname="com.qa.TestLayer.AddToCartTest" name="addToCartTest" time="19.144"/>
</testsuite> <!-- com.qa.TestLayer.AddToCartTest -->
